<?xml version="1.0" encoding="UTF-8"?>
<!-- Generated by org.testng.reporters.JUnitReportReporter -->
<testsuite skipped="0" hostname="mvcc-PC" name="BatchExecution_Digi.Hybrid_Framework_DigiSurvey" tests="2" failures="0" timestamp="12 Dec 2017 09:28:54 GMT" time="39.312" errors="0">
  <testcase name="test2" time="39.048" classname="BatchExecution_Digi.Hybrid_Framework_DigiSurvey"/>
  <testcase name="Frame_Digi" time="0.264" classname="BatchExecution_Digi.Hybrid_Framework_DigiSurvey"/>
</testsuite> <!-- BatchExecution_Digi.Hybrid_Framework_DigiSurvey -->
