<?xml version="1.0" encoding="UTF-8"?>
<!-- Generated by org.testng.reporters.JUnitReportReporter -->
<testsuite skipped="0" hostname="mvcc-PC" name="BatchExecution_Digi.Framework_DigiSurvey" tests="60" failures="0" timestamp="01 Dec 2017 07:31:12 GMT" time="216.272" errors="0">
  <testcase name="ReferedFriends_Registration" time="0.054" classname="BatchExecution_Digi.Framework_DigiSurvey"/>
  <testcase name="ReferedFriends_Registration" time="0.052" classname="BatchExecution_Digi.Framework_DigiSurvey"/>
  <testcase name="IndividualRegistration_and_Refering_Friends" time="0.055" classname="BatchExecution_Digi.Framework_DigiSurvey"/>
  <testcase name="CompanyRegistration_and_Refering_Friends" time="0.078" classname="BatchExecution_Digi.Framework_DigiSurvey"/>
  <testcase name="ReferedFriends_Registration" time="0.066" classname="BatchExecution_Digi.Framework_DigiSurvey"/>
  <testcase name="ReferedFriends_Registration" time="0.059" classname="BatchExecution_Digi.Framework_DigiSurvey"/>
  <testcase name="IndividualRegistration_and_Refering_Friends" time="0.064" classname="BatchExecution_Digi.Framework_DigiSurvey"/>
  <testcase name="ReferedFriends_Registration" time="105.819" classname="BatchExecution_Digi.Framework_DigiSurvey"/>
  <testcase name="IndividualRegistration_and_Refering_Friends" time="0.054" classname="BatchExecution_Digi.Framework_DigiSurvey"/>
  <testcase name="IndividualRegistration_and_Refering_Friends" time="0.063" classname="BatchExecution_Digi.Framework_DigiSurvey"/>
  <testcase name="ReferedFriends_Registration" time="0.060" classname="BatchExecution_Digi.Framework_DigiSurvey"/>
  <testcase name="CompanyRegistration_and_Refering_Friends" time="0.066" classname="BatchExecution_Digi.Framework_DigiSurvey"/>
  <testcase name="IndividualRegistration_and_Refering_Friends" time="0.061" classname="BatchExecution_Digi.Framework_DigiSurvey"/>
  <testcase name="CompanyRegistration_and_Refering_Friends" time="0.133" classname="BatchExecution_Digi.Framework_DigiSurvey"/>
  <testcase name="ReferedFriends_Registration" time="0.059" classname="BatchExecution_Digi.Framework_DigiSurvey"/>
  <testcase name="ReferedFriends_Registration" time="0.085" classname="BatchExecution_Digi.Framework_DigiSurvey"/>
  <testcase name="ReferedFriends_Registration" time="0.056" classname="BatchExecution_Digi.Framework_DigiSurvey"/>
  <testcase name="ReferedFriends_Registration" time="0.055" classname="BatchExecution_Digi.Framework_DigiSurvey"/>
  <testcase name="CompanyRegistration_and_Refering_Friends" time="0.081" classname="BatchExecution_Digi.Framework_DigiSurvey"/>
  <testcase name="ReferedFriends_Registration" time="0.055" classname="BatchExecution_Digi.Framework_DigiSurvey"/>
  <testcase name="CompanyRegistration_and_Refering_Friends" time="0.164" classname="BatchExecution_Digi.Framework_DigiSurvey"/>
  <testcase name="IndividualRegistration_and_Refering_Friends" time="0.096" classname="BatchExecution_Digi.Framework_DigiSurvey"/>
  <testcase name="ReferedFriends_Registration" time="0.053" classname="BatchExecution_Digi.Framework_DigiSurvey"/>
  <testcase name="CompanyRegistration_and_Refering_Friends" time="0.098" classname="BatchExecution_Digi.Framework_DigiSurvey"/>
  <testcase name="ReferedFriends_Registration" time="0.058" classname="BatchExecution_Digi.Framework_DigiSurvey"/>
  <testcase name="CompanyRegistration_and_Refering_Friends" time="0.067" classname="BatchExecution_Digi.Framework_DigiSurvey"/>
  <testcase name="IndividualRegistration_and_Refering_Friends" time="0.060" classname="BatchExecution_Digi.Framework_DigiSurvey"/>
  <testcase name="IndividualRegistration_and_Refering_Friends" time="0.087" classname="BatchExecution_Digi.Framework_DigiSurvey"/>
  <testcase name="CompanyRegistration_and_Refering_Friends" time="0.091" classname="BatchExecution_Digi.Framework_DigiSurvey"/>
  <testcase name="CompanyRegistration_and_Refering_Friends" time="0.101" classname="BatchExecution_Digi.Framework_DigiSurvey"/>
  <testcase name="IndividualRegistration_and_Refering_Friends" time="0.055" classname="BatchExecution_Digi.Framework_DigiSurvey"/>
  <testcase name="IndividualRegistration_and_Refering_Friends" time="0.064" classname="BatchExecution_Digi.Framework_DigiSurvey"/>
  <testcase name="IndividualRegistration_and_Refering_Friends" time="0.064" classname="BatchExecution_Digi.Framework_DigiSurvey"/>
  <testcase name="IndividualRegistration_and_Refering_Friends" time="105.562" classname="BatchExecution_Digi.Framework_DigiSurvey"/>
  <testcase name="CompanyRegistration_and_Refering_Friends" time="0.063" classname="BatchExecution_Digi.Framework_DigiSurvey"/>
  <testcase name="IndividualRegistration_and_Refering_Friends" time="0.326" classname="BatchExecution_Digi.Framework_DigiSurvey"/>
  <testcase name="ReferedFriends_Registration" time="0.054" classname="BatchExecution_Digi.Framework_DigiSurvey"/>
  <testcase name="ReferedFriends_Registration" time="0.067" classname="BatchExecution_Digi.Framework_DigiSurvey"/>
  <testcase name="IndividualRegistration_and_Refering_Friends" time="0.063" classname="BatchExecution_Digi.Framework_DigiSurvey"/>
  <testcase name="IndividualRegistration_and_Refering_Friends" time="0.072" classname="BatchExecution_Digi.Framework_DigiSurvey"/>
  <testcase name="CompanyRegistration_and_Refering_Friends" time="0.211" classname="BatchExecution_Digi.Framework_DigiSurvey"/>
  <testcase name="CompanyRegistration_and_Refering_Friends" time="0.101" classname="BatchExecution_Digi.Framework_DigiSurvey"/>
  <testcase name="CompanyRegistration_and_Refering_Friends" time="0.062" classname="BatchExecution_Digi.Framework_DigiSurvey"/>
  <testcase name="CompanyRegistration_and_Refering_Friends" time="0.113" classname="BatchExecution_Digi.Framework_DigiSurvey"/>
  <testcase name="ReferedFriends_Registration" time="0.052" classname="BatchExecution_Digi.Framework_DigiSurvey"/>
  <testcase name="ReferedFriends_Registration" time="0.190" classname="BatchExecution_Digi.Framework_DigiSurvey"/>
  <testcase name="IndividualRegistration_and_Refering_Friends" time="0.164" classname="BatchExecution_Digi.Framework_DigiSurvey"/>
  <testcase name="CompanyRegistration_and_Refering_Friends" time="0.076" classname="BatchExecution_Digi.Framework_DigiSurvey"/>
  <testcase name="IndividualRegistration_and_Refering_Friends" time="0.054" classname="BatchExecution_Digi.Framework_DigiSurvey"/>
  <testcase name="CompanyRegistration_and_Refering_Friends" time="0.208" classname="BatchExecution_Digi.Framework_DigiSurvey"/>
  <testcase name="ReferedFriends_Registration" time="0.060" classname="BatchExecution_Digi.Framework_DigiSurvey"/>
  <testcase name="CompanyRegistration_and_Refering_Friends" time="0.083" classname="BatchExecution_Digi.Framework_DigiSurvey"/>
  <testcase name="CompanyRegistration_and_Refering_Friends" time="0.083" classname="BatchExecution_Digi.Framework_DigiSurvey"/>
  <testcase name="IndividualRegistration_and_Refering_Friends" time="0.067" classname="BatchExecution_Digi.Framework_DigiSurvey"/>
  <testcase name="CompanyRegistration_and_Refering_Friends" time="0.090" classname="BatchExecution_Digi.Framework_DigiSurvey"/>
  <testcase name="IndividualRegistration_and_Refering_Friends" time="0.055" classname="BatchExecution_Digi.Framework_DigiSurvey"/>
  <testcase name="ReferedFriends_Registration" time="0.054" classname="BatchExecution_Digi.Framework_DigiSurvey"/>
  <testcase name="ReferedFriends_Registration" time="0.052" classname="BatchExecution_Digi.Framework_DigiSurvey"/>
  <testcase name="CompanyRegistration_and_Refering_Friends" time="0.066" classname="BatchExecution_Digi.Framework_DigiSurvey"/>
  <testcase name="IndividualRegistration_and_Refering_Friends" time="0.091" classname="BatchExecution_Digi.Framework_DigiSurvey"/>
</testsuite> <!-- BatchExecution_Digi.Framework_DigiSurvey -->
