<?xml version="1.0" encoding="UTF-8"?>
<!-- Generated by org.testng.reporters.JUnitReportReporter -->
<testsuite skipped="0" hostname="mvcc-PC" name="IndividualFunc_Check.finbyxpathcheck" tests="1" failures="0" timestamp="12 Oct 2017 05:47:32 GMT" time="2.249" errors="0">
  <testcase name="check" time="2.249" classname="IndividualFunc_Check.finbyxpathcheck"/>
</testsuite> <!-- IndividualFunc_Check.finbyxpathcheck -->
