<?xml version="1.0" encoding="UTF-8"?>
<!-- Generated by org.testng.reporters.JUnitReportReporter -->
<testsuite skipped="0" hostname="mvcc-PC" name="IndividualFunc_Check.more_buttonClick" tests="1" failures="0" timestamp="13 Oct 2017 10:37:35 GMT" time="41.046" errors="0">
  <testcase name="buttonClick" time="41.046" classname="IndividualFunc_Check.more_buttonClick"/>
</testsuite> <!-- IndividualFunc_Check.more_buttonClick -->
