<?xml version="1.0" encoding="UTF-8"?>
<!-- Generated by org.testng.reporters.JUnitReportReporter -->
<testsuite skipped="0" hostname="mvcc-PC" name="sheetread_use" tests="1" failures="0" timestamp="18 Oct 2017 09:40:57 GMT" time="1.620" errors="0">
  <testcase name="sheetread_use" time="1.620" classname="sheetread_use"/>
</testsuite> <!-- sheetread_use -->
