<?xml version="1.0" encoding="UTF-8"?>
<!-- Generated by org.testng.reporters.JUnitReportReporter -->
<testsuite skipped="0" hostname="mvcc-PC" name="splitString" tests="1" failures="0" timestamp="19 Jan 2018 10:02:09 GMT" time="0.007" errors="0">
  <testcase name="stringSplit" time="0.007" classname="splitString"/>
</testsuite> <!-- splitString -->
