<?xml version="1.0" encoding="UTF-8"?>
<!-- Generated by org.testng.reporters.JUnitReportReporter -->
<testsuite skipped="0" hostname="mvcc-PC" name="BatchExecution_Digi.Hybrid_Framework_DigiSurvey" tests="10" failures="0" timestamp="16 Oct 2017 04:41:46 GMT" time="353.901" errors="0">
  <testcase name="Frame_Digi" time="0.041" classname="BatchExecution_Digi.Hybrid_Framework_DigiSurvey"/>
  <testcase name="Frame_Digi" time="353.184" classname="BatchExecution_Digi.Hybrid_Framework_DigiSurvey"/>
  <testcase name="Frame_Digi" time="0.042" classname="BatchExecution_Digi.Hybrid_Framework_DigiSurvey"/>
  <testcase name="Frame_Digi" time="0.033" classname="BatchExecution_Digi.Hybrid_Framework_DigiSurvey"/>
  <testcase name="Frame_Digi" time="0.160" classname="BatchExecution_Digi.Hybrid_Framework_DigiSurvey"/>
  <testcase name="Frame_Digi" time="0.140" classname="BatchExecution_Digi.Hybrid_Framework_DigiSurvey"/>
  <testcase name="Frame_Digi" time="0.028" classname="BatchExecution_Digi.Hybrid_Framework_DigiSurvey"/>
  <testcase name="Frame_Digi" time="0.040" classname="BatchExecution_Digi.Hybrid_Framework_DigiSurvey"/>
  <testcase name="Frame_Digi" time="0.192" classname="BatchExecution_Digi.Hybrid_Framework_DigiSurvey"/>
  <testcase name="Frame_Digi" time="0.041" classname="BatchExecution_Digi.Hybrid_Framework_DigiSurvey"/>
</testsuite> <!-- BatchExecution_Digi.Hybrid_Framework_DigiSurvey -->
