<?xml version="1.0" encoding="UTF-8"?>
<!-- Generated by org.testng.reporters.JUnitReportReporter -->
<testsuite skipped="0" hostname="mvcc-PC" name="queno_check" tests="1" failures="0" timestamp="17 Oct 2017 12:57:49 GMT" time="0.018" errors="0">
  <testcase name="que_noCheck" time="0.018" classname="queno_check"/>
</testsuite> <!-- queno_check -->
