<?xml version="1.0" encoding="UTF-8"?>
<!-- Generated by org.testng.reporters.JUnitReportReporter -->
<testsuite skipped="0" hostname="mvcc-PC" name="listaddremove" tests="1" failures="0" timestamp="02 Nov 2017 05:48:34 GMT" time="0.007" errors="0">
  <testcase name="list_ad_remov" time="0.007" classname="listaddremove"/>
</testsuite> <!-- listaddremove -->
