<?xml version="1.0" encoding="UTF-8"?>
<!-- Generated by org.testng.reporters.JUnitReportReporter -->
<testsuite skipped="0" hostname="mvcc-PC" name="multipleTest" tests="2" failures="0" timestamp="11 Dec 2017 10:07:56 GMT" time="6.166" errors="0">
  <testcase name="test2" time="2.474" classname="multipleTest"/>
  <testcase name="test1" time="3.692" classname="multipleTest"/>
</testsuite> <!-- multipleTest -->
