<?xml version="1.0" encoding="UTF-8"?>
<!-- Generated by org.testng.reporters.JUnitReportReporter -->
<testsuite skipped="0" hostname="mvcc-PC" name="IndividualFunc_Check.more_buttonClick" tests="1" failures="0" timestamp="17 Oct 2017 13:28:52 GMT" time="1356.642" errors="0">
  <testcase name="buttonClick" time="1356.642" classname="IndividualFunc_Check.more_buttonClick"/>
</testsuite> <!-- IndividualFunc_Check.more_buttonClick -->
