<?xml version="1.0" encoding="UTF-8"?>
<!-- Generated by org.testng.reporters.JUnitReportReporter -->
<testsuite skipped="0" hostname="mvcc-PC" name="row_excel" tests="1" failures="0" timestamp="13 Oct 2017 13:04:18 GMT" time="1.793" errors="0">
  <testcase name="readExcel" time="1.793" classname="row_excel"/>
</testsuite> <!-- row_excel -->
