<?xml version="1.0" encoding="UTF-8"?>
<!-- Generated by org.testng.reporters.JUnitReportReporter -->
<testsuite skipped="0" hostname="mvcc-PC" name="firefox" tests="1" failures="0" timestamp="17 Nov 2017 11:33:02 GMT" time="7.477" errors="0">
  <testcase name="firefox" time="7.477" classname="firefox"/>
</testsuite> <!-- firefox -->
