<?xml version="1.0" encoding="UTF-8"?>
<!-- Generated by org.testng.reporters.JUnitReportReporter -->
<testsuite skipped="0" hostname="mvcc-PC" name="listdropdown" tests="1" failures="0" timestamp="02 Nov 2017 07:21:29 GMT" time="0.008" errors="0">
  <testcase name="list_ad_remov" time="0.008" classname="listdropdown"/>
</testsuite> <!-- listdropdown -->
