<?xml version="1.0" encoding="UTF-8"?>
<!-- Generated by org.testng.reporters.JUnitReportReporter -->
<testsuite skipped="0" hostname="mvcc-PC" name="dateStringSplit" tests="1" failures="0" timestamp="22 Dec 2017 13:26:30 GMT" time="0.007" errors="0">
  <testcase name="dateString" time="0.007" classname="dateStringSplit"/>
</testsuite> <!-- dateStringSplit -->
