<?xml version="1.0" encoding="UTF-8"?>
<!-- Generated by org.testng.reporters.JUnitReportReporter -->
<testsuite skipped="0" hostname="mvcc-PC" name="IndividualFunc_Check.finbyxpathcheck" tests="1" failures="0" timestamp="21 Oct 2017 11:20:18 GMT" time="41.388" errors="0">
  <testcase name="check" time="41.388" classname="IndividualFunc_Check.finbyxpathcheck"/>
</testsuite> <!-- IndividualFunc_Check.finbyxpathcheck -->
