<?xml version="1.0" encoding="UTF-8"?>
<!-- Generated by org.testng.reporters.JUnitReportReporter -->
<testsuite skipped="0" hostname="mvcc-PC" name="FactoryMethodPoweredDataDrivenTest" tests="4" failures="0" timestamp="11 Dec 2017 12:47:16 GMT" time="0.011" errors="0">
  <testcase name="testValidName" time="0.001" classname="FactoryMethodPoweredDataDrivenTest"/>
  <testcase name="testValidAge" time="0.007" classname="FactoryMethodPoweredDataDrivenTest"/>
  <testcase name="testValidAge" time="0.002" classname="FactoryMethodPoweredDataDrivenTest"/>
  <testcase name="testValidName" time="0.001" classname="FactoryMethodPoweredDataDrivenTest"/>
</testsuite> <!-- FactoryMethodPoweredDataDrivenTest -->
