<?xml version="1.0" encoding="UTF-8"?>
<!-- Generated by org.testng.reporters.JUnitReportReporter -->
<testsuite skipped="0" hostname="mvcc-PC" name="newtabopen" tests="1" failures="0" timestamp="18 Oct 2017 09:10:38 GMT" time="20.368" errors="0">
  <testcase name="check" time="20.368" classname="newtabopen"/>
</testsuite> <!-- newtabopen -->
