<?xml version="1.0" encoding="UTF-8"?>
<!-- Generated by org.testng.reporters.JUnitReportReporter -->
<testsuite skipped="0" hostname="mvcc-PC" name="row_excel" tests="1" failures="0" timestamp="20 Oct 2017 07:43:30 GMT" time="1.919" errors="0">
  <testcase name="readExcel" time="1.919" classname="row_excel"/>
</testsuite> <!-- row_excel -->
